{"uid":"42f7f0af614515c0","name":"clear message","fullName":"com.provectus.kafka.ui.tests.TopicTests.clearMessage","historyId":"20186b4bd3e639013b5da535372fef72","time":{"start":1667312378839,"stop":1667312393560,"duration":14721},"description":"","status":"failed","statusMessage":"Element not found {button.sc-hOqruk.eYtACj}\nExpected: visible (because dot menu invisible)\nScreenshot: file:/home/runner/work/kafka-ui/kafka-ui/kafka-ui-e2e-checks/allure-results/1667312392842.1.png\nTimeout: 10 s.\nCaused by: NoSuchElementException: no such element: Unable to locate element: {\"method\":\"css selector\",\"selector\":\"button.sc-hOqruk.eYtACj\"}","statusTrace":"Element not found {button.sc-hOqruk.eYtACj}\nExpected: visible (because dot menu invisible)\nScreenshot: file:/home/runner/work/kafka-ui/kafka-ui/kafka-ui-e2e-checks/allure-results/1667312392842.1.png\nTimeout: 10 s.\nCaused by: NoSuchElementException: no such element: Unable to locate element: {\"method\":\"css selector\",\"selector\":\"button.sc-hOqruk.eYtACj\"}\n\tat com.codeborne.selenide.impl.WebElementSource.createElementNotFoundError(WebElementSource.java:87)\n\tat com.codeborne.selenide.impl.ElementFinder.createElementNotFoundError(ElementFinder.java:122)\n\tat com.codeborne.selenide.impl.WebElementSource.checkCondition(WebElementSource.java:124)\n\tat com.codeborne.selenide.commands.Should.execute(Should.java:30)\n\tat com.codeborne.selenide.commands.Should.execute(Should.java:14)\n\tat com.codeborne.selenide.commands.Commands.execute(Commands.java:155)\n\tat com.codeborne.selenide.impl.SelenideElementProxy.dispatchAndRetry(SelenideElementProxy.java:129)\n\tat com.codeborne.selenide.impl.SelenideElementProxy.invoke(SelenideElementProxy.java:81)\n\tat com.sun.proxy.$Proxy46.shouldBe(Unknown Source)\n\tat com.provectus.kafka.ui.pages.topic.TopicDetails.openDotPartitionIdMenu(TopicDetails.java:53)\n\tat com.provectus.kafka.ui.tests.TopicTests.clearMessage(TopicTests.java:193)\n\tat java.base/jdk.internal.reflect.NativeMethodAccessorImpl.invoke0(Native Method)\n\tat java.base/jdk.internal.reflect.NativeMethodAccessorImpl.invoke(NativeMethodAccessorImpl.java:62)\n\tat java.base/jdk.internal.reflect.DelegatingMethodAccessorImpl.invoke(DelegatingMethodAccessorImpl.java:43)\n\tat java.base/java.lang.reflect.Method.invoke(Method.java:567)\n\tat org.junit.platform.commons.util.ReflectionUtils.invokeMethod(ReflectionUtils.java:725)\n\tat org.junit.jupiter.engine.execution.MethodInvocation.proceed(MethodInvocation.java:60)\n\tat org.junit.jupiter.engine.execution.InvocationInterceptorChain$ValidatingInvocation.proceed(InvocationInterceptorChain.java:131)\n\tat org.junit.jupiter.api.extension.InvocationInterceptor.interceptTestMethod(InvocationInterceptor.java:118)\n\tat org.junit.jupiter.engine.execution.ExecutableInvoker$ReflectiveInterceptorCall.lambda$ofVoidMethod$0(ExecutableInvoker.java:115)\n\tat org.junit.jupiter.engine.execution.ExecutableInvoker.lambda$invoke$0(ExecutableInvoker.java:105)\n\tat org.junit.jupiter.engine.execution.InvocationInterceptorChain$InterceptedInvocation.proceed(InvocationInterceptorChain.java:106)\n\tat org.junit.jupiter.engine.extension.TimeoutExtension.intercept(TimeoutExtension.java:149)\n\tat org.junit.jupiter.engine.extension.TimeoutExtension.interceptTestableMethod(TimeoutExtension.java:140)\n\tat org.junit.jupiter.engine.extension.TimeoutExtension.interceptTestMethod(TimeoutExtension.java:84)\n\tat org.junit.jupiter.engine.execution.ExecutableInvoker$ReflectiveInterceptorCall.lambda$ofVoidMethod$0(ExecutableInvoker.java:115)\n\tat org.junit.jupiter.engine.execution.ExecutableInvoker.lambda$invoke$0(ExecutableInvoker.java:105)\n\tat org.junit.jupiter.engine.execution.InvocationInterceptorChain$InterceptedInvocation.proceed(InvocationInterceptorChain.java:106)\n\tat org.junit.jupiter.engine.execution.InvocationInterceptorChain.proceed(InvocationInterceptorChain.java:64)\n\tat org.junit.jupiter.engine.execution.InvocationInterceptorChain.chainAndInvoke(InvocationInterceptorChain.java:45)\n\tat org.junit.jupiter.engine.execution.InvocationInterceptorChain.invoke(InvocationInterceptorChain.java:37)\n\tat org.junit.jupiter.engine.execution.ExecutableInvoker.invoke(ExecutableInvoker.java:104)\n\tat org.junit.jupiter.engine.execution.ExecutableInvoker.invoke(ExecutableInvoker.java:98)\n\tat org.junit.jupiter.engine.descriptor.TestMethodTestDescriptor.lambda$invokeTestMethod$7(TestMethodTestDescriptor.java:214)\n\tat org.junit.platform.engine.support.hierarchical.ThrowableCollector.execute(ThrowableCollector.java:73)\n\tat org.junit.jupiter.engine.descriptor.TestMethodTestDescriptor.invokeTestMethod(TestMethodTestDescriptor.java:210)\n\tat org.junit.jupiter.engine.descriptor.TestMethodTestDescriptor.execute(TestMethodTestDescriptor.java:135)\n\tat org.junit.jupiter.engine.descriptor.TestMethodTestDescriptor.execute(TestMethodTestDescriptor.java:66)\n\tat org.junit.platform.engine.support.hierarchical.NodeTestTask.lambda$executeRecursively$6(NodeTestTask.java:151)\n\tat org.junit.platform.engine.support.hierarchical.ThrowableCollector.execute(ThrowableCollector.java:73)\n\tat org.junit.platform.engine.support.hierarchical.NodeTestTask.lambda$executeRecursively$8(NodeTestTask.java:141)\n\tat org.junit.platform.engine.support.hierarchical.Node.around(Node.java:137)\n\tat org.junit.platform.engine.support.hierarchical.NodeTestTask.lambda$executeRecursively$9(NodeTestTask.java:139)\n\tat org.junit.platform.engine.support.hierarchical.ThrowableCollector.execute(ThrowableCollector.java:73)\n\tat org.junit.platform.engine.support.hierarchical.NodeTestTask.executeRecursively(NodeTestTask.java:138)\n\tat org.junit.platform.engine.support.hierarchical.NodeTestTask.execute(NodeTestTask.java:95)\n\tat java.base/java.util.ArrayList.forEach(ArrayList.java:1508)\n\tat org.junit.platform.engine.support.hierarchical.SameThreadHierarchicalTestExecutorService.invokeAll(SameThreadHierarchicalTestExecutorService.java:41)\n\tat org.junit.platform.engine.support.hierarchical.NodeTestTask.lambda$executeRecursively$6(NodeTestTask.java:155)\n\tat org.junit.platform.engine.support.hierarchical.ThrowableCollector.execute(ThrowableCollector.java:73)\n\tat org.junit.platform.engine.support.hierarchical.NodeTestTask.lambda$executeRecursively$8(NodeTestTask.java:141)\n\tat org.junit.platform.engine.support.hierarchical.Node.around(Node.java:137)\n\tat org.junit.platform.engine.support.hierarchical.NodeTestTask.lambda$executeRecursively$9(NodeTestTask.java:139)\n\tat org.junit.platform.engine.support.hierarchical.ThrowableCollector.execute(ThrowableCollector.java:73)\n\tat org.junit.platform.engine.support.hierarchical.NodeTestTask.executeRecursively(NodeTestTask.java:138)\n\tat org.junit.platform.engine.support.hierarchical.NodeTestTask.execute(NodeTestTask.java:95)\n\tat java.base/java.util.ArrayList.forEach(ArrayList.java:1508)\n\tat org.junit.platform.engine.support.hierarchical.SameThreadHierarchicalTestExecutorService.invokeAll(SameThreadHierarchicalTestExecutorService.java:41)\n\tat org.junit.platform.engine.support.hierarchical.NodeTestTask.lambda$executeRecursively$6(NodeTestTask.java:155)\n\tat org.junit.platform.engine.support.hierarchical.ThrowableCollector.execute(ThrowableCollector.java:73)\n\tat org.junit.platform.engine.support.hierarchical.NodeTestTask.lambda$executeRecursively$8(NodeTestTask.java:141)\n\tat org.junit.platform.engine.support.hierarchical.Node.around(Node.java:137)\n\tat org.junit.platform.engine.support.hierarchical.NodeTestTask.lambda$executeRecursively$9(NodeTestTask.java:139)\n\tat org.junit.platform.engine.support.hierarchical.ThrowableCollector.execute(ThrowableCollector.java:73)\n\tat org.junit.platform.engine.support.hierarchical.NodeTestTask.executeRecursively(NodeTestTask.java:138)\n\tat org.junit.platform.engine.support.hierarchical.NodeTestTask.execute(NodeTestTask.java:95)\n\tat org.junit.platform.engine.support.hierarchical.SameThreadHierarchicalTestExecutorService.submit(SameThreadHierarchicalTestExecutorService.java:35)\n\tat org.junit.platform.engine.support.hierarchical.HierarchicalTestExecutor.execute(HierarchicalTestExecutor.java:57)\n\tat org.junit.platform.engine.support.hierarchical.HierarchicalTestEngine.execute(HierarchicalTestEngine.java:54)\n\tat org.junit.platform.launcher.core.EngineExecutionOrchestrator.execute(EngineExecutionOrchestrator.java:107)\n\tat org.junit.platform.launcher.core.EngineExecutionOrchestrator.execute(EngineExecutionOrchestrator.java:88)\n\tat org.junit.platform.launcher.core.EngineExecutionOrchestrator.lambda$execute$0(EngineExecutionOrchestrator.java:54)\n\tat org.junit.platform.launcher.core.EngineExecutionOrchestrator.withInterceptedStreams(EngineExecutionOrchestrator.java:67)\n\tat org.junit.platform.launcher.core.EngineExecutionOrchestrator.execute(EngineExecutionOrchestrator.java:52)\n\tat org.junit.platform.launcher.core.DefaultLauncher.execute(DefaultLauncher.java:114)\n\tat org.junit.platform.launcher.core.DefaultLauncher.execute(DefaultLauncher.java:86)\n\tat org.junit.platform.launcher.core.DefaultLauncherSession$DelegatingLauncher.execute(DefaultLauncherSession.java:86)\n\tat org.junit.platform.launcher.core.SessionPerRequestLauncher.execute(SessionPerRequestLauncher.java:53)\n\tat org.apache.maven.surefire.junitplatform.JUnitPlatformProvider.invokeAllTests(JUnitPlatformProvider.java:150)\n\tat org.apache.maven.surefire.junitplatform.JUnitPlatformProvider.invoke(JUnitPlatformProvider.java:124)\n\tat org.apache.maven.surefire.booter.ForkedBooter.invokeProviderInSameClassLoader(ForkedBooter.java:384)\n\tat org.apache.maven.surefire.booter.ForkedBooter.runSuitesInProcess(ForkedBooter.java:345)\n\tat org.apache.maven.surefire.booter.ForkedBooter.execute(ForkedBooter.java:126)\n\tat org.apache.maven.surefire.booter.ForkedBooter.main(ForkedBooter.java:418)\nCaused by: org.openqa.selenium.NoSuchElementException: no such element: Unable to locate element: {\"method\":\"css selector\",\"selector\":\"button.sc-hOqruk.eYtACj\"}\n  (Session info: chrome=103.0.5060.134)\nFor documentation on this error, please visit: https://selenium.dev/exceptions/#no_such_element\nBuild info: version: '4.2.2', revision: '683ccb65d6'\nSystem info: host: 'fv-az296-709', ip: '10.1.1.31', os.name: 'Linux', os.arch: 'amd64', os.version: '5.15.0-1022-azure', java.version: '13.0.13'\nDriver info: org.openqa.selenium.remote.RemoteWebDriver\nCommand: [630f0f7059eb1af735bb8ce6278bb746, findElement {using=css selector, value=button.sc-hOqruk.eYtACj}]\nCapabilities {acceptInsecureCerts: false, browserName: chrome, browserVersion: 103.0.5060.134, chrome: {chromedriverVersion: 103.0.5060.134 (8ec6fce403b..., userDataDir: /tmp/.com.google.Chrome.gCBmVq}, goog:chromeOptions: {debuggerAddress: localhost:34159}, networkConnectionEnabled: false, pageLoadStrategy: normal, platformName: LINUX, proxy: Proxy(), se:cdp: ws://172.17.0.4:4444/sessio..., se:cdpVersion: 103.0.5060.134, se:vnc: ws://172.17.0.4:4444/sessio..., se:vncEnabled: true, se:vncLocalAddress: ws://172.17.0.4:7900, setWindowRect: true, strictFileInteractability: false, timeouts: {implicit: 0, pageLoad: 300000, script: 30000}, unhandledPromptBehavior: dismiss and notify, webauthn:extension:credBlob: true, webauthn:extension:largeBlob: true, webauthn:virtualAuthenticators: true}\nSession ID: 630f0f7059eb1af735bb8ce6278bb746\n\tat jdk.internal.reflect.GeneratedConstructorAccessor36.newInstance(Unknown Source)\n\tat java.base/jdk.internal.reflect.DelegatingConstructorAccessorImpl.newInstance(DelegatingConstructorAccessorImpl.java:45)\n\tat java.base/java.lang.reflect.Constructor.newInstanceWithCaller(Constructor.java:500)\n\tat java.base/java.lang.reflect.Constructor.newInstance(Constructor.java:481)\n\tat org.openqa.selenium.remote.codec.w3c.W3CHttpResponseCodec.createException(W3CHttpResponseCodec.java:200)\n\tat org.openqa.selenium.remote.codec.w3c.W3CHttpResponseCodec.decode(W3CHttpResponseCodec.java:133)\n\tat org.openqa.selenium.remote.codec.w3c.W3CHttpResponseCodec.decode(W3CHttpResponseCodec.java:53)\n\tat org.openqa.selenium.remote.HttpCommandExecutor.execute(HttpCommandExecutor.java:184)\n\tat org.openqa.selenium.remote.TracedCommandExecutor.execute(TracedCommandExecutor.java:51)\n\tat org.openqa.selenium.remote.RemoteWebDriver.execute(RemoteWebDriver.java:588)\n\tat org.openqa.selenium.remote.ElementLocation$ElementFinder$2.findElement(ElementLocation.java:162)\n\tat org.openqa.selenium.remote.ElementLocation.findElement(ElementLocation.java:60)\n\tat org.openqa.selenium.remote.RemoteWebDriver.findElement(RemoteWebDriver.java:406)\n\tat org.openqa.selenium.remote.RemoteWebDriver.findElement(RemoteWebDriver.java:398)\n\tat com.codeborne.selenide.impl.WebElementSelector.findElement(WebElementSelector.java:70)\n\tat com.codeborne.selenide.impl.WebElementSelector.findElement(WebElementSelector.java:44)\n\tat com.codeborne.selenide.impl.WebElementSelector.findElement(WebElementSelector.java:33)\n\tat com.codeborne.selenide.impl.ElementFinder.getWebElement(ElementFinder.java:102)\n\tat com.codeborne.selenide.impl.WebElementSource.checkCondition(WebElementSource.java:105)\n\t... 81 more\n","flaky":false,"newFailed":false,"newBroken":false,"newPassed":false,"retriesCount":0,"retriesStatusChange":false,"beforeStages":[{"name":"start","time":{"start":1667312333530,"stop":1667312339009,"duration":5479},"status":"passed","steps":[],"attachments":[],"parameters":[],"attachmentsCount":0,"shouldDisplayMessage":false,"hasContent":false,"stepsCount":0},{"name":"beforeAll","time":{"start":1667312339009,"stop":1667312349965,"duration":10956},"status":"passed","steps":[],"attachments":[],"parameters":[],"attachmentsCount":0,"shouldDisplayMessage":false,"hasContent":false,"stepsCount":0},{"name":"setWebDriver","time":{"start":1667312378840,"stop":1667312379502,"duration":662},"status":"passed","steps":[{"name":"$(\"open\") http://host.testcontainers.internal:8080","time":{"start":1667312379067,"stop":1667312379397,"duration":330},"status":"passed","steps":[],"attachments":[],"parameters":[],"attachmentsCount":0,"shouldDisplayMessage":false,"hasContent":false,"stepsCount":0},{"name":"waitUntilScreenReady","time":{"start":1667312379397,"stop":1667312379502,"duration":105},"status":"passed","steps":[{"name":"$(\"By.xpath: //*[contains(text(),'Loading')]\") should be([be hidden, 30 s.])","time":{"start":1667312379397,"stop":1667312379462,"duration":65},"status":"passed","steps":[],"attachments":[],"parameters":[],"attachmentsCount":0,"shouldDisplayMessage":false,"hasContent":false,"stepsCount":0},{"name":"$(\"By.xpath: //a[@title='Dashboard']\") should be([visible, 30 s.])","time":{"start":1667312379462,"stop":1667312379502,"duration":40},"status":"passed","steps":[],"attachments":[],"parameters":[],"attachmentsCount":0,"shouldDisplayMessage":false,"hasContent":false,"stepsCount":0}],"attachments":[],"parameters":[],"attachmentsCount":0,"shouldDisplayMessage":false,"hasContent":true,"stepsCount":2}],"attachments":[],"parameters":[],"attachmentsCount":0,"shouldDisplayMessage":false,"hasContent":true,"stepsCount":4}],"testStage":{"description":"","status":"failed","statusMessage":"Element not found {button.sc-hOqruk.eYtACj}\nExpected: visible (because dot menu invisible)\nScreenshot: file:/home/runner/work/kafka-ui/kafka-ui/kafka-ui-e2e-checks/allure-results/1667312392842.1.png\nTimeout: 10 s.\nCaused by: NoSuchElementException: no such element: Unable to locate element: {\"method\":\"css selector\",\"selector\":\"button.sc-hOqruk.eYtACj\"}","statusTrace":"Element not found {button.sc-hOqruk.eYtACj}\nExpected: visible (because dot menu invisible)\nScreenshot: file:/home/runner/work/kafka-ui/kafka-ui/kafka-ui-e2e-checks/allure-results/1667312392842.1.png\nTimeout: 10 s.\nCaused by: NoSuchElementException: no such element: Unable to locate element: {\"method\":\"css selector\",\"selector\":\"button.sc-hOqruk.eYtACj\"}\n\tat com.codeborne.selenide.impl.WebElementSource.createElementNotFoundError(WebElementSource.java:87)\n\tat com.codeborne.selenide.impl.ElementFinder.createElementNotFoundError(ElementFinder.java:122)\n\tat com.codeborne.selenide.impl.WebElementSource.checkCondition(WebElementSource.java:124)\n\tat com.codeborne.selenide.commands.Should.execute(Should.java:30)\n\tat com.codeborne.selenide.commands.Should.execute(Should.java:14)\n\tat com.codeborne.selenide.commands.Commands.execute(Commands.java:155)\n\tat com.codeborne.selenide.impl.SelenideElementProxy.dispatchAndRetry(SelenideElementProxy.java:129)\n\tat com.codeborne.selenide.impl.SelenideElementProxy.invoke(SelenideElementProxy.java:81)\n\tat com.sun.proxy.$Proxy46.shouldBe(Unknown Source)\n\tat com.provectus.kafka.ui.pages.topic.TopicDetails.openDotPartitionIdMenu(TopicDetails.java:53)\n\tat com.provectus.kafka.ui.tests.TopicTests.clearMessage(TopicTests.java:193)\n\tat java.base/jdk.internal.reflect.NativeMethodAccessorImpl.invoke0(Native Method)\n\tat java.base/jdk.internal.reflect.NativeMethodAccessorImpl.invoke(NativeMethodAccessorImpl.java:62)\n\tat java.base/jdk.internal.reflect.DelegatingMethodAccessorImpl.invoke(DelegatingMethodAccessorImpl.java:43)\n\tat java.base/java.lang.reflect.Method.invoke(Method.java:567)\n\tat org.junit.platform.commons.util.ReflectionUtils.invokeMethod(ReflectionUtils.java:725)\n\tat org.junit.jupiter.engine.execution.MethodInvocation.proceed(MethodInvocation.java:60)\n\tat org.junit.jupiter.engine.execution.InvocationInterceptorChain$ValidatingInvocation.proceed(InvocationInterceptorChain.java:131)\n\tat org.junit.jupiter.api.extension.InvocationInterceptor.interceptTestMethod(InvocationInterceptor.java:118)\n\tat org.junit.jupiter.engine.execution.ExecutableInvoker$ReflectiveInterceptorCall.lambda$ofVoidMethod$0(ExecutableInvoker.java:115)\n\tat org.junit.jupiter.engine.execution.ExecutableInvoker.lambda$invoke$0(ExecutableInvoker.java:105)\n\tat org.junit.jupiter.engine.execution.InvocationInterceptorChain$InterceptedInvocation.proceed(InvocationInterceptorChain.java:106)\n\tat org.junit.jupiter.engine.extension.TimeoutExtension.intercept(TimeoutExtension.java:149)\n\tat org.junit.jupiter.engine.extension.TimeoutExtension.interceptTestableMethod(TimeoutExtension.java:140)\n\tat org.junit.jupiter.engine.extension.TimeoutExtension.interceptTestMethod(TimeoutExtension.java:84)\n\tat org.junit.jupiter.engine.execution.ExecutableInvoker$ReflectiveInterceptorCall.lambda$ofVoidMethod$0(ExecutableInvoker.java:115)\n\tat org.junit.jupiter.engine.execution.ExecutableInvoker.lambda$invoke$0(ExecutableInvoker.java:105)\n\tat org.junit.jupiter.engine.execution.InvocationInterceptorChain$InterceptedInvocation.proceed(InvocationInterceptorChain.java:106)\n\tat org.junit.jupiter.engine.execution.InvocationInterceptorChain.proceed(InvocationInterceptorChain.java:64)\n\tat org.junit.jupiter.engine.execution.InvocationInterceptorChain.chainAndInvoke(InvocationInterceptorChain.java:45)\n\tat org.junit.jupiter.engine.execution.InvocationInterceptorChain.invoke(InvocationInterceptorChain.java:37)\n\tat org.junit.jupiter.engine.execution.ExecutableInvoker.invoke(ExecutableInvoker.java:104)\n\tat org.junit.jupiter.engine.execution.ExecutableInvoker.invoke(ExecutableInvoker.java:98)\n\tat org.junit.jupiter.engine.descriptor.TestMethodTestDescriptor.lambda$invokeTestMethod$7(TestMethodTestDescriptor.java:214)\n\tat org.junit.platform.engine.support.hierarchical.ThrowableCollector.execute(ThrowableCollector.java:73)\n\tat org.junit.jupiter.engine.descriptor.TestMethodTestDescriptor.invokeTestMethod(TestMethodTestDescriptor.java:210)\n\tat org.junit.jupiter.engine.descriptor.TestMethodTestDescriptor.execute(TestMethodTestDescriptor.java:135)\n\tat org.junit.jupiter.engine.descriptor.TestMethodTestDescriptor.execute(TestMethodTestDescriptor.java:66)\n\tat org.junit.platform.engine.support.hierarchical.NodeTestTask.lambda$executeRecursively$6(NodeTestTask.java:151)\n\tat org.junit.platform.engine.support.hierarchical.ThrowableCollector.execute(ThrowableCollector.java:73)\n\tat org.junit.platform.engine.support.hierarchical.NodeTestTask.lambda$executeRecursively$8(NodeTestTask.java:141)\n\tat org.junit.platform.engine.support.hierarchical.Node.around(Node.java:137)\n\tat org.junit.platform.engine.support.hierarchical.NodeTestTask.lambda$executeRecursively$9(NodeTestTask.java:139)\n\tat org.junit.platform.engine.support.hierarchical.ThrowableCollector.execute(ThrowableCollector.java:73)\n\tat org.junit.platform.engine.support.hierarchical.NodeTestTask.executeRecursively(NodeTestTask.java:138)\n\tat org.junit.platform.engine.support.hierarchical.NodeTestTask.execute(NodeTestTask.java:95)\n\tat java.base/java.util.ArrayList.forEach(ArrayList.java:1508)\n\tat org.junit.platform.engine.support.hierarchical.SameThreadHierarchicalTestExecutorService.invokeAll(SameThreadHierarchicalTestExecutorService.java:41)\n\tat org.junit.platform.engine.support.hierarchical.NodeTestTask.lambda$executeRecursively$6(NodeTestTask.java:155)\n\tat org.junit.platform.engine.support.hierarchical.ThrowableCollector.execute(ThrowableCollector.java:73)\n\tat org.junit.platform.engine.support.hierarchical.NodeTestTask.lambda$executeRecursively$8(NodeTestTask.java:141)\n\tat org.junit.platform.engine.support.hierarchical.Node.around(Node.java:137)\n\tat org.junit.platform.engine.support.hierarchical.NodeTestTask.lambda$executeRecursively$9(NodeTestTask.java:139)\n\tat org.junit.platform.engine.support.hierarchical.ThrowableCollector.execute(ThrowableCollector.java:73)\n\tat org.junit.platform.engine.support.hierarchical.NodeTestTask.executeRecursively(NodeTestTask.java:138)\n\tat org.junit.platform.engine.support.hierarchical.NodeTestTask.execute(NodeTestTask.java:95)\n\tat java.base/java.util.ArrayList.forEach(ArrayList.java:1508)\n\tat org.junit.platform.engine.support.hierarchical.SameThreadHierarchicalTestExecutorService.invokeAll(SameThreadHierarchicalTestExecutorService.java:41)\n\tat org.junit.platform.engine.support.hierarchical.NodeTestTask.lambda$executeRecursively$6(NodeTestTask.java:155)\n\tat org.junit.platform.engine.support.hierarchical.ThrowableCollector.execute(ThrowableCollector.java:73)\n\tat org.junit.platform.engine.support.hierarchical.NodeTestTask.lambda$executeRecursively$8(NodeTestTask.java:141)\n\tat org.junit.platform.engine.support.hierarchical.Node.around(Node.java:137)\n\tat org.junit.platform.engine.support.hierarchical.NodeTestTask.lambda$executeRecursively$9(NodeTestTask.java:139)\n\tat org.junit.platform.engine.support.hierarchical.ThrowableCollector.execute(ThrowableCollector.java:73)\n\tat org.junit.platform.engine.support.hierarchical.NodeTestTask.executeRecursively(NodeTestTask.java:138)\n\tat org.junit.platform.engine.support.hierarchical.NodeTestTask.execute(NodeTestTask.java:95)\n\tat org.junit.platform.engine.support.hierarchical.SameThreadHierarchicalTestExecutorService.submit(SameThreadHierarchicalTestExecutorService.java:35)\n\tat org.junit.platform.engine.support.hierarchical.HierarchicalTestExecutor.execute(HierarchicalTestExecutor.java:57)\n\tat org.junit.platform.engine.support.hierarchical.HierarchicalTestEngine.execute(HierarchicalTestEngine.java:54)\n\tat org.junit.platform.launcher.core.EngineExecutionOrchestrator.execute(EngineExecutionOrchestrator.java:107)\n\tat org.junit.platform.launcher.core.EngineExecutionOrchestrator.execute(EngineExecutionOrchestrator.java:88)\n\tat org.junit.platform.launcher.core.EngineExecutionOrchestrator.lambda$execute$0(EngineExecutionOrchestrator.java:54)\n\tat org.junit.platform.launcher.core.EngineExecutionOrchestrator.withInterceptedStreams(EngineExecutionOrchestrator.java:67)\n\tat org.junit.platform.launcher.core.EngineExecutionOrchestrator.execute(EngineExecutionOrchestrator.java:52)\n\tat org.junit.platform.launcher.core.DefaultLauncher.execute(DefaultLauncher.java:114)\n\tat org.junit.platform.launcher.core.DefaultLauncher.execute(DefaultLauncher.java:86)\n\tat org.junit.platform.launcher.core.DefaultLauncherSession$DelegatingLauncher.execute(DefaultLauncherSession.java:86)\n\tat org.junit.platform.launcher.core.SessionPerRequestLauncher.execute(SessionPerRequestLauncher.java:53)\n\tat org.apache.maven.surefire.junitplatform.JUnitPlatformProvider.invokeAllTests(JUnitPlatformProvider.java:150)\n\tat org.apache.maven.surefire.junitplatform.JUnitPlatformProvider.invoke(JUnitPlatformProvider.java:124)\n\tat org.apache.maven.surefire.booter.ForkedBooter.invokeProviderInSameClassLoader(ForkedBooter.java:384)\n\tat org.apache.maven.surefire.booter.ForkedBooter.runSuitesInProcess(ForkedBooter.java:345)\n\tat org.apache.maven.surefire.booter.ForkedBooter.execute(ForkedBooter.java:126)\n\tat org.apache.maven.surefire.booter.ForkedBooter.main(ForkedBooter.java:418)\nCaused by: org.openqa.selenium.NoSuchElementException: no such element: Unable to locate element: {\"method\":\"css selector\",\"selector\":\"button.sc-hOqruk.eYtACj\"}\n  (Session info: chrome=103.0.5060.134)\nFor documentation on this error, please visit: https://selenium.dev/exceptions/#no_such_element\nBuild info: version: '4.2.2', revision: '683ccb65d6'\nSystem info: host: 'fv-az296-709', ip: '10.1.1.31', os.name: 'Linux', os.arch: 'amd64', os.version: '5.15.0-1022-azure', java.version: '13.0.13'\nDriver info: org.openqa.selenium.remote.RemoteWebDriver\nCommand: [630f0f7059eb1af735bb8ce6278bb746, findElement {using=css selector, value=button.sc-hOqruk.eYtACj}]\nCapabilities {acceptInsecureCerts: false, browserName: chrome, browserVersion: 103.0.5060.134, chrome: {chromedriverVersion: 103.0.5060.134 (8ec6fce403b..., userDataDir: /tmp/.com.google.Chrome.gCBmVq}, goog:chromeOptions: {debuggerAddress: localhost:34159}, networkConnectionEnabled: false, pageLoadStrategy: normal, platformName: LINUX, proxy: Proxy(), se:cdp: ws://172.17.0.4:4444/sessio..., se:cdpVersion: 103.0.5060.134, se:vnc: ws://172.17.0.4:4444/sessio..., se:vncEnabled: true, se:vncLocalAddress: ws://172.17.0.4:7900, setWindowRect: true, strictFileInteractability: false, timeouts: {implicit: 0, pageLoad: 300000, script: 30000}, unhandledPromptBehavior: dismiss and notify, webauthn:extension:credBlob: true, webauthn:extension:largeBlob: true, webauthn:virtualAuthenticators: true}\nSession ID: 630f0f7059eb1af735bb8ce6278bb746\n\tat jdk.internal.reflect.GeneratedConstructorAccessor36.newInstance(Unknown Source)\n\tat java.base/jdk.internal.reflect.DelegatingConstructorAccessorImpl.newInstance(DelegatingConstructorAccessorImpl.java:45)\n\tat java.base/java.lang.reflect.Constructor.newInstanceWithCaller(Constructor.java:500)\n\tat java.base/java.lang.reflect.Constructor.newInstance(Constructor.java:481)\n\tat org.openqa.selenium.remote.codec.w3c.W3CHttpResponseCodec.createException(W3CHttpResponseCodec.java:200)\n\tat org.openqa.selenium.remote.codec.w3c.W3CHttpResponseCodec.decode(W3CHttpResponseCodec.java:133)\n\tat org.openqa.selenium.remote.codec.w3c.W3CHttpResponseCodec.decode(W3CHttpResponseCodec.java:53)\n\tat org.openqa.selenium.remote.HttpCommandExecutor.execute(HttpCommandExecutor.java:184)\n\tat org.openqa.selenium.remote.TracedCommandExecutor.execute(TracedCommandExecutor.java:51)\n\tat org.openqa.selenium.remote.RemoteWebDriver.execute(RemoteWebDriver.java:588)\n\tat org.openqa.selenium.remote.ElementLocation$ElementFinder$2.findElement(ElementLocation.java:162)\n\tat org.openqa.selenium.remote.ElementLocation.findElement(ElementLocation.java:60)\n\tat org.openqa.selenium.remote.RemoteWebDriver.findElement(RemoteWebDriver.java:406)\n\tat org.openqa.selenium.remote.RemoteWebDriver.findElement(RemoteWebDriver.java:398)\n\tat com.codeborne.selenide.impl.WebElementSelector.findElement(WebElementSelector.java:70)\n\tat com.codeborne.selenide.impl.WebElementSelector.findElement(WebElementSelector.java:44)\n\tat com.codeborne.selenide.impl.WebElementSelector.findElement(WebElementSelector.java:33)\n\tat com.codeborne.selenide.impl.ElementFinder.getWebElement(ElementFinder.java:102)\n\tat com.codeborne.selenide.impl.WebElementSource.checkCondition(WebElementSource.java:105)\n\t... 81 more\n","steps":[{"name":"openSideMenu","time":{"start":1667312379504,"stop":1667312379724,"duration":220},"status":"passed","steps":[{"name":"openSideMenu","time":{"start":1667312379504,"stop":1667312379724,"duration":220},"status":"passed","steps":[{"name":"$(\"By.xpath: //aside/ul/li[contains(.,'local')]\") should be(visible)","time":{"start":1667312379504,"stop":1667312379532,"duration":28},"status":"passed","steps":[],"attachments":[],"parameters":[],"attachmentsCount":0,"shouldDisplayMessage":false,"hasContent":false,"stepsCount":0},{"name":"$(\"By.xpath: //aside/ul/li[contains(.,'local')]/By.xpath: ../By.xpath: .//ul/li[contains(.,'Topics')]\") click()","time":{"start":1667312379571,"stop":1667312379724,"duration":153},"status":"passed","steps":[],"attachments":[],"parameters":[],"attachmentsCount":0,"shouldDisplayMessage":false,"hasContent":false,"stepsCount":0}],"attachments":[],"parameters":[{"name":"clusterName","value":"local"},{"name":"option","value":"TOPICS"}],"attachmentsCount":0,"shouldDisplayMessage":false,"hasContent":true,"stepsCount":2}],"attachments":[],"parameters":[{"name":"option","value":"TOPICS"}],"attachmentsCount":0,"shouldDisplayMessage":false,"hasContent":true,"stepsCount":3},{"name":"waitUntilScreenReady","time":{"start":1667312379724,"stop":1667312379817,"duration":93},"status":"passed","steps":[{"name":"$(\"By.xpath: //*[contains(text(),'Loading')]\") should be(be hidden)","time":{"start":1667312379724,"stop":1667312379765,"duration":41},"status":"passed","steps":[],"attachments":[],"parameters":[],"attachmentsCount":0,"shouldDisplayMessage":false,"hasContent":false,"stepsCount":0},{"name":"$(\"By.xpath: //h1[text()='Topics']\") should be(visible)","time":{"start":1667312379765,"stop":1667312379817,"duration":52},"status":"passed","steps":[],"attachments":[],"parameters":[],"attachmentsCount":0,"shouldDisplayMessage":false,"hasContent":false,"stepsCount":0}],"attachments":[],"parameters":[],"attachmentsCount":0,"shouldDisplayMessage":false,"hasContent":true,"stepsCount":2},{"name":"openTopic","time":{"start":1667312379817,"stop":1667312380015,"duration":198},"status":"passed","steps":[{"name":"$(\"By.linkText: topic-with-clean-message-attribute\") should be(enabled)","time":{"start":1667312379817,"stop":1667312379897,"duration":80},"status":"passed","steps":[],"attachments":[],"parameters":[],"attachmentsCount":0,"shouldDisplayMessage":false,"hasContent":false,"stepsCount":0},{"name":"$(\"By.linkText: topic-with-clean-message-attribute\") click()","time":{"start":1667312379897,"stop":1667312380015,"duration":118},"status":"passed","steps":[],"attachments":[],"parameters":[],"attachmentsCount":0,"shouldDisplayMessage":false,"hasContent":false,"stepsCount":0}],"attachments":[],"parameters":[{"name":"topicName","value":"topic-with-clean-message-attribute"}],"attachmentsCount":0,"shouldDisplayMessage":false,"hasContent":true,"stepsCount":2},{"name":"waitUntilScreenReady","time":{"start":1667312380015,"stop":1667312380271,"duration":256},"status":"passed","steps":[{"name":"$(\"By.xpath: //*[contains(text(),'Loading')]\") should be(be hidden)","time":{"start":1667312380015,"stop":1667312380093,"duration":78},"status":"passed","steps":[],"attachments":[],"parameters":[],"attachmentsCount":0,"shouldDisplayMessage":false,"hasContent":false,"stepsCount":0},{"name":"$(\"By.xpath: //a[contains(text(),'Overview')]\") should be(visible)","time":{"start":1667312380093,"stop":1667312380235,"duration":142},"status":"passed","steps":[],"attachments":[],"parameters":[],"attachmentsCount":0,"shouldDisplayMessage":false,"hasContent":false,"stepsCount":0},{"name":"$(\"By.xpath: //a[contains(text(),'Messages')]\") should be(visible)","time":{"start":1667312380235,"stop":1667312380271,"duration":36},"status":"passed","steps":[],"attachments":[],"parameters":[],"attachmentsCount":0,"shouldDisplayMessage":false,"hasContent":false,"stepsCount":0}],"attachments":[],"parameters":[],"attachmentsCount":0,"shouldDisplayMessage":false,"hasContent":true,"stepsCount":3},{"name":"openTopicMenu","time":{"start":1667312380271,"stop":1667312380420,"duration":149},"status":"passed","steps":[{"name":"$(\"By.linkText: Overview\") should be(visible)","time":{"start":1667312380271,"stop":1667312380315,"duration":44},"status":"passed","steps":[],"attachments":[],"parameters":[],"attachmentsCount":0,"shouldDisplayMessage":false,"hasContent":false,"stepsCount":0},{"name":"$(\"By.linkText: Overview\") click()","time":{"start":1667312380315,"stop":1667312380420,"duration":105},"status":"passed","steps":[],"attachments":[],"parameters":[],"attachmentsCount":0,"shouldDisplayMessage":false,"hasContent":false,"stepsCount":0}],"attachments":[],"parameters":[{"name":"menu","value":"TopicMenu{value='Overview'}"}],"attachmentsCount":0,"shouldDisplayMessage":false,"hasContent":true,"stepsCount":2},{"name":"clickProduceMessageBtn","time":{"start":1667312380420,"stop":1667312380490,"duration":70},"status":"passed","steps":[{"name":"$(\"By.xpath: //div//button[text()='Produce Message']\") should be(enabled)","time":{"start":1667312380420,"stop":1667312380453,"duration":33},"status":"passed","steps":[],"attachments":[],"parameters":[],"attachmentsCount":0,"shouldDisplayMessage":false,"hasContent":false,"stepsCount":0},{"name":"$(\"By.xpath: //div//button[text()='Produce Message']\") get wrapped element()","time":{"start":1667312380453,"stop":1667312380466,"duration":13},"status":"passed","steps":[],"attachments":[],"parameters":[],"attachmentsCount":0,"shouldDisplayMessage":false,"hasContent":false,"stepsCount":0}],"attachments":[],"parameters":[],"attachmentsCount":0,"shouldDisplayMessage":false,"hasContent":true,"stepsCount":2},{"name":"waitUntilScreenReady","time":{"start":1667312380490,"stop":1667312380739,"duration":249},"status":"passed","steps":[{"name":"$(\"By.xpath: //*[contains(text(),'Loading')]\") should be(be hidden)","time":{"start":1667312380490,"stop":1667312380522,"duration":32},"status":"passed","steps":[],"attachments":[],"parameters":[],"attachmentsCount":0,"shouldDisplayMessage":false,"hasContent":false,"stepsCount":0},{"name":"$(\"By.xpath: //ul[@name='partition']\") should be(visible)","time":{"start":1667312380522,"stop":1667312380588,"duration":66},"status":"passed","steps":[],"attachments":[],"parameters":[],"attachmentsCount":0,"shouldDisplayMessage":false,"hasContent":false,"stepsCount":0},{"name":"$(\"By.xpath: //ul[@name='keySerde']\") should be(visible)","time":{"start":1667312380588,"stop":1667312380679,"duration":91},"status":"passed","steps":[],"attachments":[],"parameters":[],"attachmentsCount":0,"shouldDisplayMessage":false,"hasContent":false,"stepsCount":0},{"name":"$(\"By.xpath: //ul[@name='valueSerde']\") should be(visible)","time":{"start":1667312380679,"stop":1667312380739,"duration":60},"status":"passed","steps":[],"attachments":[],"parameters":[],"attachmentsCount":0,"shouldDisplayMessage":false,"hasContent":false,"stepsCount":0}],"attachments":[],"parameters":[],"attachmentsCount":0,"shouldDisplayMessage":false,"hasContent":true,"stepsCount":4},{"name":"setContentFiled","time":{"start":1667312380739,"stop":1667312381061,"duration":322},"status":"passed","steps":[{"name":"$(\"By.xpath: //div[@id='content']/textarea\") should be(enabled)","time":{"start":1667312380739,"stop":1667312380779,"duration":40},"status":"passed","steps":[],"attachments":[],"parameters":[],"attachmentsCount":0,"shouldDisplayMessage":false,"hasContent":false,"stepsCount":0},{"name":"$(\"By.xpath: //div[@id='content']/textarea\") send keys()","time":{"start":1667312380781,"stop":1667312380862,"duration":81},"status":"passed","steps":[],"attachments":[],"parameters":[],"attachmentsCount":0,"shouldDisplayMessage":false,"hasContent":false,"stepsCount":0},{"name":"$(\"By.xpath: //div[@id='content']/textarea\") send keys([a, ])","time":{"start":1667312380862,"stop":1667312380901,"duration":39},"status":"passed","steps":[],"attachments":[],"parameters":[],"attachmentsCount":0,"shouldDisplayMessage":false,"hasContent":false,"stepsCount":0},{"name":"$(\"By.xpath: //div[@id='content']/textarea\") set value(\"print\"\n)","time":{"start":1667312380901,"stop":1667312381061,"duration":160},"status":"passed","steps":[],"attachments":[],"parameters":[],"attachmentsCount":0,"shouldDisplayMessage":false,"hasContent":false,"stepsCount":0}],"attachments":[],"parameters":[{"name":"value","value":"\"print\"\n"}],"attachmentsCount":0,"shouldDisplayMessage":false,"hasContent":true,"stepsCount":4},{"name":"setKeyField","time":{"start":1667312381061,"stop":1667312381373,"duration":312},"status":"passed","steps":[{"name":"$(\"By.xpath: //div[@id='key']/textarea\") should be(enabled)","time":{"start":1667312381061,"stop":1667312381100,"duration":39},"status":"passed","steps":[],"attachments":[],"parameters":[],"attachmentsCount":0,"shouldDisplayMessage":false,"hasContent":false,"stepsCount":0},{"name":"$(\"By.xpath: //div[@id='key']/textarea\") send keys()","time":{"start":1667312381100,"stop":1667312381156,"duration":56},"status":"passed","steps":[],"attachments":[],"parameters":[],"attachmentsCount":0,"shouldDisplayMessage":false,"hasContent":false,"stepsCount":0},{"name":"$(\"By.xpath: //div[@id='key']/textarea\") send keys([a, ])","time":{"start":1667312381156,"stop":1667312381203,"duration":47},"status":"passed","steps":[],"attachments":[],"parameters":[],"attachmentsCount":0,"shouldDisplayMessage":false,"hasContent":false,"stepsCount":0},{"name":"$(\"By.xpath: //div[@id='key']/textarea\") set value(\"key\")","time":{"start":1667312381203,"stop":1667312381373,"duration":170},"status":"passed","steps":[],"attachments":[],"parameters":[],"attachmentsCount":0,"shouldDisplayMessage":false,"hasContent":false,"stepsCount":0}],"attachments":[],"parameters":[{"name":"value","value":"\"key\""}],"attachmentsCount":0,"shouldDisplayMessage":false,"hasContent":true,"stepsCount":4},{"name":"submitProduceMessage","time":{"start":1667312381373,"stop":1667312382256,"duration":883},"status":"passed","steps":[{"name":"$(\"By.xpath: //div[@id='headers']/textarea/By.xpath: ../../../..//button[@type='submit']\") should be(enabled)","time":{"start":1667312381374,"stop":1667312381413,"duration":39},"status":"passed","steps":[],"attachments":[],"parameters":[],"attachmentsCount":0,"shouldDisplayMessage":false,"hasContent":false,"stepsCount":0},{"name":"$(\"By.xpath: //div[@id='headers']/textarea/By.xpath: ../../../..//button[@type='submit']\") click()","time":{"start":1667312381413,"stop":1667312381506,"duration":93},"status":"passed","steps":[],"attachments":[],"parameters":[],"attachmentsCount":0,"shouldDisplayMessage":false,"hasContent":false,"stepsCount":0},{"name":"$(\"By.xpath: //div[@id='headers']/textarea/By.xpath: ../../../..//button[@type='submit']\") should be(be hidden)","time":{"start":1667312381506,"stop":1667312381950,"duration":444},"status":"passed","steps":[],"attachments":[],"parameters":[],"attachmentsCount":0,"shouldDisplayMessage":false,"hasContent":false,"stepsCount":0},{"name":"$(\"refresh\") ","time":{"start":1667312381951,"stop":1667312382256,"duration":305},"status":"passed","steps":[],"attachments":[],"parameters":[],"attachmentsCount":0,"shouldDisplayMessage":false,"hasContent":false,"stepsCount":0}],"attachments":[],"parameters":[],"attachmentsCount":0,"shouldDisplayMessage":false,"hasContent":true,"stepsCount":4},{"name":"waitUntilScreenReady","time":{"start":1667312382256,"stop":1667312382647,"duration":391},"status":"passed","steps":[{"name":"$(\"By.xpath: //*[contains(text(),'Loading')]\") should be(be hidden)","time":{"start":1667312382256,"stop":1667312382323,"duration":67},"status":"passed","steps":[],"attachments":[],"parameters":[],"attachmentsCount":0,"shouldDisplayMessage":false,"hasContent":false,"stepsCount":0},{"name":"$(\"By.xpath: //a[contains(text(),'Overview')]\") should be(visible)","time":{"start":1667312382323,"stop":1667312382618,"duration":295},"status":"passed","steps":[],"attachments":[],"parameters":[],"attachmentsCount":0,"shouldDisplayMessage":false,"hasContent":false,"stepsCount":0},{"name":"$(\"By.xpath: //a[contains(text(),'Messages')]\") should be(visible)","time":{"start":1667312382619,"stop":1667312382647,"duration":28},"status":"passed","steps":[],"attachments":[],"parameters":[],"attachmentsCount":0,"shouldDisplayMessage":false,"hasContent":false,"stepsCount":0}],"attachments":[],"parameters":[],"attachmentsCount":0,"shouldDisplayMessage":false,"hasContent":true,"stepsCount":3},{"name":"MessageCountAmount","time":{"start":1667312382647,"stop":1667312382699,"duration":52},"status":"passed","steps":[{"name":"$(\"By.xpath: //table[@class=\"sc-hiSbEG cvnuic\"]/tbody/tr/td[5]\") get text()","time":{"start":1667312382647,"stop":1667312382699,"duration":52},"status":"passed","steps":[],"attachments":[],"parameters":[],"attachmentsCount":0,"shouldDisplayMessage":false,"hasContent":false,"stepsCount":0}],"attachments":[],"parameters":[],"attachmentsCount":0,"shouldDisplayMessage":false,"hasContent":true,"stepsCount":1},{"name":"MessageCountAmount","time":{"start":1667312382704,"stop":1667312382750,"duration":46},"status":"passed","steps":[{"name":"$(\"By.xpath: //table[@class=\"sc-hiSbEG cvnuic\"]/tbody/tr/td[5]\") get text()","time":{"start":1667312382704,"stop":1667312382750,"duration":46},"status":"passed","steps":[],"attachments":[],"parameters":[],"attachmentsCount":0,"shouldDisplayMessage":false,"hasContent":false,"stepsCount":0}],"attachments":[],"parameters":[],"attachmentsCount":0,"shouldDisplayMessage":false,"hasContent":true,"stepsCount":1},{"name":"openDotPartitionIdMenu","time":{"start":1667312382750,"stop":1667312393100,"duration":10350},"status":"failed","statusMessage":"Element not found {button.sc-hOqruk.eYtACj}\nExpected: visible (because dot menu invisible)\nScreenshot: file:/home/runner/work/kafka-ui/kafka-ui/kafka-ui-e2e-checks/allure-results/1667312392842.1.png\nTimeout: 10 s.\nCaused by: NoSuchElementException: no such element: Unable to locate element: {\"method\":\"css selector\",\"selector\":\"button.sc-hOqruk.eYtACj\"}","statusTrace":"Element not found {button.sc-hOqruk.eYtACj}\nExpected: visible (because dot menu invisible)\nScreenshot: file:/home/runner/work/kafka-ui/kafka-ui/kafka-ui-e2e-checks/allure-results/1667312392842.1.png\nTimeout: 10 s.\nCaused by: NoSuchElementException: no such element: Unable to locate element: {\"method\":\"css selector\",\"selector\":\"button.sc-hOqruk.eYtACj\"}\n\tat com.codeborne.selenide.impl.WebElementSource.createElementNotFoundError(WebElementSource.java:87)\n\tat com.codeborne.selenide.impl.ElementFinder.createElementNotFoundError(ElementFinder.java:122)\n\tat com.codeborne.selenide.impl.WebElementSource.checkCondition(WebElementSource.java:124)\n\tat com.codeborne.selenide.commands.Should.execute(Should.java:30)\n\tat com.codeborne.selenide.commands.Should.execute(Should.java:14)\n\tat com.codeborne.selenide.commands.Commands.execute(Commands.java:155)\n\tat com.codeborne.selenide.impl.SelenideElementProxy.dispatchAndRetry(SelenideElementProxy.java:129)\n\tat com.codeborne.selenide.impl.SelenideElementProxy.invoke(SelenideElementProxy.java:81)\n\tat com.sun.proxy.$Proxy46.shouldBe(Unknown Source)\n\tat com.provectus.kafka.ui.pages.topic.TopicDetails.openDotPartitionIdMenu(TopicDetails.java:53)\n\tat com.provectus.kafka.ui.tests.TopicTests.clearMessage(TopicTests.java:193)\n\tat java.base/jdk.internal.reflect.NativeMethodAccessorImpl.invoke0(Native Method)\n\tat java.base/jdk.internal.reflect.NativeMethodAccessorImpl.invoke(NativeMethodAccessorImpl.java:62)\n\tat java.base/jdk.internal.reflect.DelegatingMethodAccessorImpl.invoke(DelegatingMethodAccessorImpl.java:43)\n\tat java.base/java.lang.reflect.Method.invoke(Method.java:567)\n\tat org.junit.platform.commons.util.ReflectionUtils.invokeMethod(ReflectionUtils.java:725)\n\tat org.junit.jupiter.engine.execution.MethodInvocation.proceed(MethodInvocation.java:60)\n\tat org.junit.jupiter.engine.execution.InvocationInterceptorChain$ValidatingInvocation.proceed(InvocationInterceptorChain.java:131)\n\tat org.junit.jupiter.api.extension.InvocationInterceptor.interceptTestMethod(InvocationInterceptor.java:118)\n\tat org.junit.jupiter.engine.execution.ExecutableInvoker$ReflectiveInterceptorCall.lambda$ofVoidMethod$0(ExecutableInvoker.java:115)\n\tat org.junit.jupiter.engine.execution.ExecutableInvoker.lambda$invoke$0(ExecutableInvoker.java:105)\n\tat org.junit.jupiter.engine.execution.InvocationInterceptorChain$InterceptedInvocation.proceed(InvocationInterceptorChain.java:106)\n\tat org.junit.jupiter.engine.extension.TimeoutExtension.intercept(TimeoutExtension.java:149)\n\tat org.junit.jupiter.engine.extension.TimeoutExtension.interceptTestableMethod(TimeoutExtension.java:140)\n\tat org.junit.jupiter.engine.extension.TimeoutExtension.interceptTestMethod(TimeoutExtension.java:84)\n\tat org.junit.jupiter.engine.execution.ExecutableInvoker$ReflectiveInterceptorCall.lambda$ofVoidMethod$0(ExecutableInvoker.java:115)\n\tat org.junit.jupiter.engine.execution.ExecutableInvoker.lambda$invoke$0(ExecutableInvoker.java:105)\n\tat org.junit.jupiter.engine.execution.InvocationInterceptorChain$InterceptedInvocation.proceed(InvocationInterceptorChain.java:106)\n\tat org.junit.jupiter.engine.execution.InvocationInterceptorChain.proceed(InvocationInterceptorChain.java:64)\n\tat org.junit.jupiter.engine.execution.InvocationInterceptorChain.chainAndInvoke(InvocationInterceptorChain.java:45)\n\tat org.junit.jupiter.engine.execution.InvocationInterceptorChain.invoke(InvocationInterceptorChain.java:37)\n\tat org.junit.jupiter.engine.execution.ExecutableInvoker.invoke(ExecutableInvoker.java:104)\n\tat org.junit.jupiter.engine.execution.ExecutableInvoker.invoke(ExecutableInvoker.java:98)\n\tat org.junit.jupiter.engine.descriptor.TestMethodTestDescriptor.lambda$invokeTestMethod$7(TestMethodTestDescriptor.java:214)\n\tat org.junit.platform.engine.support.hierarchical.ThrowableCollector.execute(ThrowableCollector.java:73)\n\tat org.junit.jupiter.engine.descriptor.TestMethodTestDescriptor.invokeTestMethod(TestMethodTestDescriptor.java:210)\n\tat org.junit.jupiter.engine.descriptor.TestMethodTestDescriptor.execute(TestMethodTestDescriptor.java:135)\n\tat org.junit.jupiter.engine.descriptor.TestMethodTestDescriptor.execute(TestMethodTestDescriptor.java:66)\n\tat org.junit.platform.engine.support.hierarchical.NodeTestTask.lambda$executeRecursively$6(NodeTestTask.java:151)\n\tat org.junit.platform.engine.support.hierarchical.ThrowableCollector.execute(ThrowableCollector.java:73)\n\tat org.junit.platform.engine.support.hierarchical.NodeTestTask.lambda$executeRecursively$8(NodeTestTask.java:141)\n\tat org.junit.platform.engine.support.hierarchical.Node.around(Node.java:137)\n\tat org.junit.platform.engine.support.hierarchical.NodeTestTask.lambda$executeRecursively$9(NodeTestTask.java:139)\n\tat org.junit.platform.engine.support.hierarchical.ThrowableCollector.execute(ThrowableCollector.java:73)\n\tat org.junit.platform.engine.support.hierarchical.NodeTestTask.executeRecursively(NodeTestTask.java:138)\n\tat org.junit.platform.engine.support.hierarchical.NodeTestTask.execute(NodeTestTask.java:95)\n\tat java.base/java.util.ArrayList.forEach(ArrayList.java:1508)\n\tat org.junit.platform.engine.support.hierarchical.SameThreadHierarchicalTestExecutorService.invokeAll(SameThreadHierarchicalTestExecutorService.java:41)\n\tat org.junit.platform.engine.support.hierarchical.NodeTestTask.lambda$executeRecursively$6(NodeTestTask.java:155)\n\tat org.junit.platform.engine.support.hierarchical.ThrowableCollector.execute(ThrowableCollector.java:73)\n\tat org.junit.platform.engine.support.hierarchical.NodeTestTask.lambda$executeRecursively$8(NodeTestTask.java:141)\n\tat org.junit.platform.engine.support.hierarchical.Node.around(Node.java:137)\n\tat org.junit.platform.engine.support.hierarchical.NodeTestTask.lambda$executeRecursively$9(NodeTestTask.java:139)\n\tat org.junit.platform.engine.support.hierarchical.ThrowableCollector.execute(ThrowableCollector.java:73)\n\tat org.junit.platform.engine.support.hierarchical.NodeTestTask.executeRecursively(NodeTestTask.java:138)\n\tat org.junit.platform.engine.support.hierarchical.NodeTestTask.execute(NodeTestTask.java:95)\n\tat java.base/java.util.ArrayList.forEach(ArrayList.java:1508)\n\tat org.junit.platform.engine.support.hierarchical.SameThreadHierarchicalTestExecutorService.invokeAll(SameThreadHierarchicalTestExecutorService.java:41)\n\tat org.junit.platform.engine.support.hierarchical.NodeTestTask.lambda$executeRecursively$6(NodeTestTask.java:155)\n\tat org.junit.platform.engine.support.hierarchical.ThrowableCollector.execute(ThrowableCollector.java:73)\n\tat org.junit.platform.engine.support.hierarchical.NodeTestTask.lambda$executeRecursively$8(NodeTestTask.java:141)\n\tat org.junit.platform.engine.support.hierarchical.Node.around(Node.java:137)\n\tat org.junit.platform.engine.support.hierarchical.NodeTestTask.lambda$executeRecursively$9(NodeTestTask.java:139)\n\tat org.junit.platform.engine.support.hierarchical.ThrowableCollector.execute(ThrowableCollector.java:73)\n\tat org.junit.platform.engine.support.hierarchical.NodeTestTask.executeRecursively(NodeTestTask.java:138)\n\tat org.junit.platform.engine.support.hierarchical.NodeTestTask.execute(NodeTestTask.java:95)\n\tat org.junit.platform.engine.support.hierarchical.SameThreadHierarchicalTestExecutorService.submit(SameThreadHierarchicalTestExecutorService.java:35)\n\tat org.junit.platform.engine.support.hierarchical.HierarchicalTestExecutor.execute(HierarchicalTestExecutor.java:57)\n\tat org.junit.platform.engine.support.hierarchical.HierarchicalTestEngine.execute(HierarchicalTestEngine.java:54)\n\tat org.junit.platform.launcher.core.EngineExecutionOrchestrator.execute(EngineExecutionOrchestrator.java:107)\n\tat org.junit.platform.launcher.core.EngineExecutionOrchestrator.execute(EngineExecutionOrchestrator.java:88)\n\tat org.junit.platform.launcher.core.EngineExecutionOrchestrator.lambda$execute$0(EngineExecutionOrchestrator.java:54)\n\tat org.junit.platform.launcher.core.EngineExecutionOrchestrator.withInterceptedStreams(EngineExecutionOrchestrator.java:67)\n\tat org.junit.platform.launcher.core.EngineExecutionOrchestrator.execute(EngineExecutionOrchestrator.java:52)\n\tat org.junit.platform.launcher.core.DefaultLauncher.execute(DefaultLauncher.java:114)\n\tat org.junit.platform.launcher.core.DefaultLauncher.execute(DefaultLauncher.java:86)\n\tat org.junit.platform.launcher.core.DefaultLauncherSession$DelegatingLauncher.execute(DefaultLauncherSession.java:86)\n\tat org.junit.platform.launcher.core.SessionPerRequestLauncher.execute(SessionPerRequestLauncher.java:53)\n\tat org.apache.maven.surefire.junitplatform.JUnitPlatformProvider.invokeAllTests(JUnitPlatformProvider.java:150)\n\tat org.apache.maven.surefire.junitplatform.JUnitPlatformProvider.invoke(JUnitPlatformProvider.java:124)\n\tat org.apache.maven.surefire.booter.ForkedBooter.invokeProviderInSameClassLoader(ForkedBooter.java:384)\n\tat org.apache.maven.surefire.booter.ForkedBooter.runSuitesInProcess(ForkedBooter.java:345)\n\tat org.apache.maven.surefire.booter.ForkedBooter.execute(ForkedBooter.java:126)\n\tat org.apache.maven.surefire.booter.ForkedBooter.main(ForkedBooter.java:418)\nCaused by: org.openqa.selenium.NoSuchElementException: no such element: Unable to locate element: {\"method\":\"css selector\",\"selector\":\"button.sc-hOqruk.eYtACj\"}\n  (Session info: chrome=103.0.5060.134)\nFor documentation on this error, please visit: https://selenium.dev/exceptions/#no_such_element\nBuild info: version: '4.2.2', revision: '683ccb65d6'\nSystem info: host: 'fv-az296-709', ip: '10.1.1.31', os.name: 'Linux', os.arch: 'amd64', os.version: '5.15.0-1022-azure', java.version: '13.0.13'\nDriver info: org.openqa.selenium.remote.RemoteWebDriver\nCommand: [630f0f7059eb1af735bb8ce6278bb746, findElement {using=css selector, value=button.sc-hOqruk.eYtACj}]\nCapabilities {acceptInsecureCerts: false, browserName: chrome, browserVersion: 103.0.5060.134, chrome: {chromedriverVersion: 103.0.5060.134 (8ec6fce403b..., userDataDir: /tmp/.com.google.Chrome.gCBmVq}, goog:chromeOptions: {debuggerAddress: localhost:34159}, networkConnectionEnabled: false, pageLoadStrategy: normal, platformName: LINUX, proxy: Proxy(), se:cdp: ws://172.17.0.4:4444/sessio..., se:cdpVersion: 103.0.5060.134, se:vnc: ws://172.17.0.4:4444/sessio..., se:vncEnabled: true, se:vncLocalAddress: ws://172.17.0.4:7900, setWindowRect: true, strictFileInteractability: false, timeouts: {implicit: 0, pageLoad: 300000, script: 30000}, unhandledPromptBehavior: dismiss and notify, webauthn:extension:credBlob: true, webauthn:extension:largeBlob: true, webauthn:virtualAuthenticators: true}\nSession ID: 630f0f7059eb1af735bb8ce6278bb746\n\tat jdk.internal.reflect.GeneratedConstructorAccessor36.newInstance(Unknown Source)\n\tat java.base/jdk.internal.reflect.DelegatingConstructorAccessorImpl.newInstance(DelegatingConstructorAccessorImpl.java:45)\n\tat java.base/java.lang.reflect.Constructor.newInstanceWithCaller(Constructor.java:500)\n\tat java.base/java.lang.reflect.Constructor.newInstance(Constructor.java:481)\n\tat org.openqa.selenium.remote.codec.w3c.W3CHttpResponseCodec.createException(W3CHttpResponseCodec.java:200)\n\tat org.openqa.selenium.remote.codec.w3c.W3CHttpResponseCodec.decode(W3CHttpResponseCodec.java:133)\n\tat org.openqa.selenium.remote.codec.w3c.W3CHttpResponseCodec.decode(W3CHttpResponseCodec.java:53)\n\tat org.openqa.selenium.remote.HttpCommandExecutor.execute(HttpCommandExecutor.java:184)\n\tat org.openqa.selenium.remote.TracedCommandExecutor.execute(TracedCommandExecutor.java:51)\n\tat org.openqa.selenium.remote.RemoteWebDriver.execute(RemoteWebDriver.java:588)\n\tat org.openqa.selenium.remote.ElementLocation$ElementFinder$2.findElement(ElementLocation.java:162)\n\tat org.openqa.selenium.remote.ElementLocation.findElement(ElementLocation.java:60)\n\tat org.openqa.selenium.remote.RemoteWebDriver.findElement(RemoteWebDriver.java:406)\n\tat org.openqa.selenium.remote.RemoteWebDriver.findElement(RemoteWebDriver.java:398)\n\tat com.codeborne.selenide.impl.WebElementSelector.findElement(WebElementSelector.java:70)\n\tat com.codeborne.selenide.impl.WebElementSelector.findElement(WebElementSelector.java:44)\n\tat com.codeborne.selenide.impl.WebElementSelector.findElement(WebElementSelector.java:33)\n\tat com.codeborne.selenide.impl.ElementFinder.getWebElement(ElementFinder.java:102)\n\tat com.codeborne.selenide.impl.WebElementSource.checkCondition(WebElementSource.java:105)\n\t... 81 more\n","steps":[{"name":"$(\"button.sc-hOqruk.eYtACj\") should be(visible (because dot menu invisible))","time":{"start":1667312382751,"stop":1667312393098,"duration":10347},"status":"failed","statusMessage":"Element not found {button.sc-hOqruk.eYtACj}\nExpected: visible (because dot menu invisible)\nScreenshot: file:/home/runner/work/kafka-ui/kafka-ui/kafka-ui-e2e-checks/allure-results/1667312392842.1.png\nTimeout: 10 s.\nCaused by: NoSuchElementException: no such element: Unable to locate element: {\"method\":\"css selector\",\"selector\":\"button.sc-hOqruk.eYtACj\"}","statusTrace":"Element not found {button.sc-hOqruk.eYtACj}\nExpected: visible (because dot menu invisible)\nScreenshot: file:/home/runner/work/kafka-ui/kafka-ui/kafka-ui-e2e-checks/allure-results/1667312392842.1.png\nTimeout: 10 s.\nCaused by: NoSuchElementException: no such element: Unable to locate element: {\"method\":\"css selector\",\"selector\":\"button.sc-hOqruk.eYtACj\"}\n\tat com.codeborne.selenide.impl.WebElementSource.createElementNotFoundError(WebElementSource.java:87)\n\tat com.codeborne.selenide.impl.ElementFinder.createElementNotFoundError(ElementFinder.java:122)\n\tat com.codeborne.selenide.impl.WebElementSource.checkCondition(WebElementSource.java:124)\n\tat com.codeborne.selenide.commands.Should.execute(Should.java:30)\n\tat com.codeborne.selenide.commands.Should.execute(Should.java:14)\n\tat com.codeborne.selenide.commands.Commands.execute(Commands.java:155)\n\tat com.codeborne.selenide.impl.SelenideElementProxy.dispatchAndRetry(SelenideElementProxy.java:129)\n\tat com.codeborne.selenide.impl.SelenideElementProxy.invoke(SelenideElementProxy.java:81)\n\tat com.sun.proxy.$Proxy46.shouldBe(Unknown Source)\n\tat com.provectus.kafka.ui.pages.topic.TopicDetails.openDotPartitionIdMenu(TopicDetails.java:53)\n\tat com.provectus.kafka.ui.tests.TopicTests.clearMessage(TopicTests.java:193)\n\tat java.base/jdk.internal.reflect.NativeMethodAccessorImpl.invoke0(Native Method)\n\tat java.base/jdk.internal.reflect.NativeMethodAccessorImpl.invoke(NativeMethodAccessorImpl.java:62)\n\tat java.base/jdk.internal.reflect.DelegatingMethodAccessorImpl.invoke(DelegatingMethodAccessorImpl.java:43)\n\tat java.base/java.lang.reflect.Method.invoke(Method.java:567)\n\tat org.junit.platform.commons.util.ReflectionUtils.invokeMethod(ReflectionUtils.java:725)\n\tat org.junit.jupiter.engine.execution.MethodInvocation.proceed(MethodInvocation.java:60)\n\tat org.junit.jupiter.engine.execution.InvocationInterceptorChain$ValidatingInvocation.proceed(InvocationInterceptorChain.java:131)\n\tat org.junit.jupiter.api.extension.InvocationInterceptor.interceptTestMethod(InvocationInterceptor.java:118)\n\tat org.junit.jupiter.engine.execution.ExecutableInvoker$ReflectiveInterceptorCall.lambda$ofVoidMethod$0(ExecutableInvoker.java:115)\n\tat org.junit.jupiter.engine.execution.ExecutableInvoker.lambda$invoke$0(ExecutableInvoker.java:105)\n\tat org.junit.jupiter.engine.execution.InvocationInterceptorChain$InterceptedInvocation.proceed(InvocationInterceptorChain.java:106)\n\tat org.junit.jupiter.engine.extension.TimeoutExtension.intercept(TimeoutExtension.java:149)\n\tat org.junit.jupiter.engine.extension.TimeoutExtension.interceptTestableMethod(TimeoutExtension.java:140)\n\tat org.junit.jupiter.engine.extension.TimeoutExtension.interceptTestMethod(TimeoutExtension.java:84)\n\tat org.junit.jupiter.engine.execution.ExecutableInvoker$ReflectiveInterceptorCall.lambda$ofVoidMethod$0(ExecutableInvoker.java:115)\n\tat org.junit.jupiter.engine.execution.ExecutableInvoker.lambda$invoke$0(ExecutableInvoker.java:105)\n\tat org.junit.jupiter.engine.execution.InvocationInterceptorChain$InterceptedInvocation.proceed(InvocationInterceptorChain.java:106)\n\tat org.junit.jupiter.engine.execution.InvocationInterceptorChain.proceed(InvocationInterceptorChain.java:64)\n\tat org.junit.jupiter.engine.execution.InvocationInterceptorChain.chainAndInvoke(InvocationInterceptorChain.java:45)\n\tat org.junit.jupiter.engine.execution.InvocationInterceptorChain.invoke(InvocationInterceptorChain.java:37)\n\tat org.junit.jupiter.engine.execution.ExecutableInvoker.invoke(ExecutableInvoker.java:104)\n\tat org.junit.jupiter.engine.execution.ExecutableInvoker.invoke(ExecutableInvoker.java:98)\n\tat org.junit.jupiter.engine.descriptor.TestMethodTestDescriptor.lambda$invokeTestMethod$7(TestMethodTestDescriptor.java:214)\n\tat org.junit.platform.engine.support.hierarchical.ThrowableCollector.execute(ThrowableCollector.java:73)\n\tat org.junit.jupiter.engine.descriptor.TestMethodTestDescriptor.invokeTestMethod(TestMethodTestDescriptor.java:210)\n\tat org.junit.jupiter.engine.descriptor.TestMethodTestDescriptor.execute(TestMethodTestDescriptor.java:135)\n\tat org.junit.jupiter.engine.descriptor.TestMethodTestDescriptor.execute(TestMethodTestDescriptor.java:66)\n\tat org.junit.platform.engine.support.hierarchical.NodeTestTask.lambda$executeRecursively$6(NodeTestTask.java:151)\n\tat org.junit.platform.engine.support.hierarchical.ThrowableCollector.execute(ThrowableCollector.java:73)\n\tat org.junit.platform.engine.support.hierarchical.NodeTestTask.lambda$executeRecursively$8(NodeTestTask.java:141)\n\tat org.junit.platform.engine.support.hierarchical.Node.around(Node.java:137)\n\tat org.junit.platform.engine.support.hierarchical.NodeTestTask.lambda$executeRecursively$9(NodeTestTask.java:139)\n\tat org.junit.platform.engine.support.hierarchical.ThrowableCollector.execute(ThrowableCollector.java:73)\n\tat org.junit.platform.engine.support.hierarchical.NodeTestTask.executeRecursively(NodeTestTask.java:138)\n\tat org.junit.platform.engine.support.hierarchical.NodeTestTask.execute(NodeTestTask.java:95)\n\tat java.base/java.util.ArrayList.forEach(ArrayList.java:1508)\n\tat org.junit.platform.engine.support.hierarchical.SameThreadHierarchicalTestExecutorService.invokeAll(SameThreadHierarchicalTestExecutorService.java:41)\n\tat org.junit.platform.engine.support.hierarchical.NodeTestTask.lambda$executeRecursively$6(NodeTestTask.java:155)\n\tat org.junit.platform.engine.support.hierarchical.ThrowableCollector.execute(ThrowableCollector.java:73)\n\tat org.junit.platform.engine.support.hierarchical.NodeTestTask.lambda$executeRecursively$8(NodeTestTask.java:141)\n\tat org.junit.platform.engine.support.hierarchical.Node.around(Node.java:137)\n\tat org.junit.platform.engine.support.hierarchical.NodeTestTask.lambda$executeRecursively$9(NodeTestTask.java:139)\n\tat org.junit.platform.engine.support.hierarchical.ThrowableCollector.execute(ThrowableCollector.java:73)\n\tat org.junit.platform.engine.support.hierarchical.NodeTestTask.executeRecursively(NodeTestTask.java:138)\n\tat org.junit.platform.engine.support.hierarchical.NodeTestTask.execute(NodeTestTask.java:95)\n\tat java.base/java.util.ArrayList.forEach(ArrayList.java:1508)\n\tat org.junit.platform.engine.support.hierarchical.SameThreadHierarchicalTestExecutorService.invokeAll(SameThreadHierarchicalTestExecutorService.java:41)\n\tat org.junit.platform.engine.support.hierarchical.NodeTestTask.lambda$executeRecursively$6(NodeTestTask.java:155)\n\tat org.junit.platform.engine.support.hierarchical.ThrowableCollector.execute(ThrowableCollector.java:73)\n\tat org.junit.platform.engine.support.hierarchical.NodeTestTask.lambda$executeRecursively$8(NodeTestTask.java:141)\n\tat org.junit.platform.engine.support.hierarchical.Node.around(Node.java:137)\n\tat org.junit.platform.engine.support.hierarchical.NodeTestTask.lambda$executeRecursively$9(NodeTestTask.java:139)\n\tat org.junit.platform.engine.support.hierarchical.ThrowableCollector.execute(ThrowableCollector.java:73)\n\tat org.junit.platform.engine.support.hierarchical.NodeTestTask.executeRecursively(NodeTestTask.java:138)\n\tat org.junit.platform.engine.support.hierarchical.NodeTestTask.execute(NodeTestTask.java:95)\n\tat org.junit.platform.engine.support.hierarchical.SameThreadHierarchicalTestExecutorService.submit(SameThreadHierarchicalTestExecutorService.java:35)\n\tat org.junit.platform.engine.support.hierarchical.HierarchicalTestExecutor.execute(HierarchicalTestExecutor.java:57)\n\tat org.junit.platform.engine.support.hierarchical.HierarchicalTestEngine.execute(HierarchicalTestEngine.java:54)\n\tat org.junit.platform.launcher.core.EngineExecutionOrchestrator.execute(EngineExecutionOrchestrator.java:107)\n\tat org.junit.platform.launcher.core.EngineExecutionOrchestrator.execute(EngineExecutionOrchestrator.java:88)\n\tat org.junit.platform.launcher.core.EngineExecutionOrchestrator.lambda$execute$0(EngineExecutionOrchestrator.java:54)\n\tat org.junit.platform.launcher.core.EngineExecutionOrchestrator.withInterceptedStreams(EngineExecutionOrchestrator.java:67)\n\tat org.junit.platform.launcher.core.EngineExecutionOrchestrator.execute(EngineExecutionOrchestrator.java:52)\n\tat org.junit.platform.launcher.core.DefaultLauncher.execute(DefaultLauncher.java:114)\n\tat org.junit.platform.launcher.core.DefaultLauncher.execute(DefaultLauncher.java:86)\n\tat org.junit.platform.launcher.core.DefaultLauncherSession$DelegatingLauncher.execute(DefaultLauncherSession.java:86)\n\tat org.junit.platform.launcher.core.SessionPerRequestLauncher.execute(SessionPerRequestLauncher.java:53)\n\tat org.apache.maven.surefire.junitplatform.JUnitPlatformProvider.invokeAllTests(JUnitPlatformProvider.java:150)\n\tat org.apache.maven.surefire.junitplatform.JUnitPlatformProvider.invoke(JUnitPlatformProvider.java:124)\n\tat org.apache.maven.surefire.booter.ForkedBooter.invokeProviderInSameClassLoader(ForkedBooter.java:384)\n\tat org.apache.maven.surefire.booter.ForkedBooter.runSuitesInProcess(ForkedBooter.java:345)\n\tat org.apache.maven.surefire.booter.ForkedBooter.execute(ForkedBooter.java:126)\n\tat org.apache.maven.surefire.booter.ForkedBooter.main(ForkedBooter.java:418)\nCaused by: org.openqa.selenium.NoSuchElementException: no such element: Unable to locate element: {\"method\":\"css selector\",\"selector\":\"button.sc-hOqruk.eYtACj\"}\n  (Session info: chrome=103.0.5060.134)\nFor documentation on this error, please visit: https://selenium.dev/exceptions/#no_such_element\nBuild info: version: '4.2.2', revision: '683ccb65d6'\nSystem info: host: 'fv-az296-709', ip: '10.1.1.31', os.name: 'Linux', os.arch: 'amd64', os.version: '5.15.0-1022-azure', java.version: '13.0.13'\nDriver info: org.openqa.selenium.remote.RemoteWebDriver\nCommand: [630f0f7059eb1af735bb8ce6278bb746, findElement {using=css selector, value=button.sc-hOqruk.eYtACj}]\nCapabilities {acceptInsecureCerts: false, browserName: chrome, browserVersion: 103.0.5060.134, chrome: {chromedriverVersion: 103.0.5060.134 (8ec6fce403b..., userDataDir: /tmp/.com.google.Chrome.gCBmVq}, goog:chromeOptions: {debuggerAddress: localhost:34159}, networkConnectionEnabled: false, pageLoadStrategy: normal, platformName: LINUX, proxy: Proxy(), se:cdp: ws://172.17.0.4:4444/sessio..., se:cdpVersion: 103.0.5060.134, se:vnc: ws://172.17.0.4:4444/sessio..., se:vncEnabled: true, se:vncLocalAddress: ws://172.17.0.4:7900, setWindowRect: true, strictFileInteractability: false, timeouts: {implicit: 0, pageLoad: 300000, script: 30000}, unhandledPromptBehavior: dismiss and notify, webauthn:extension:credBlob: true, webauthn:extension:largeBlob: true, webauthn:virtualAuthenticators: true}\nSession ID: 630f0f7059eb1af735bb8ce6278bb746\n\tat jdk.internal.reflect.GeneratedConstructorAccessor36.newInstance(Unknown Source)\n\tat java.base/jdk.internal.reflect.DelegatingConstructorAccessorImpl.newInstance(DelegatingConstructorAccessorImpl.java:45)\n\tat java.base/java.lang.reflect.Constructor.newInstanceWithCaller(Constructor.java:500)\n\tat java.base/java.lang.reflect.Constructor.newInstance(Constructor.java:481)\n\tat org.openqa.selenium.remote.codec.w3c.W3CHttpResponseCodec.createException(W3CHttpResponseCodec.java:200)\n\tat org.openqa.selenium.remote.codec.w3c.W3CHttpResponseCodec.decode(W3CHttpResponseCodec.java:133)\n\tat org.openqa.selenium.remote.codec.w3c.W3CHttpResponseCodec.decode(W3CHttpResponseCodec.java:53)\n\tat org.openqa.selenium.remote.HttpCommandExecutor.execute(HttpCommandExecutor.java:184)\n\tat org.openqa.selenium.remote.TracedCommandExecutor.execute(TracedCommandExecutor.java:51)\n\tat org.openqa.selenium.remote.RemoteWebDriver.execute(RemoteWebDriver.java:588)\n\tat org.openqa.selenium.remote.ElementLocation$ElementFinder$2.findElement(ElementLocation.java:162)\n\tat org.openqa.selenium.remote.ElementLocation.findElement(ElementLocation.java:60)\n\tat org.openqa.selenium.remote.RemoteWebDriver.findElement(RemoteWebDriver.java:406)\n\tat org.openqa.selenium.remote.RemoteWebDriver.findElement(RemoteWebDriver.java:398)\n\tat com.codeborne.selenide.impl.WebElementSelector.findElement(WebElementSelector.java:70)\n\tat com.codeborne.selenide.impl.WebElementSelector.findElement(WebElementSelector.java:44)\n\tat com.codeborne.selenide.impl.WebElementSelector.findElement(WebElementSelector.java:33)\n\tat com.codeborne.selenide.impl.ElementFinder.getWebElement(ElementFinder.java:102)\n\tat com.codeborne.selenide.impl.WebElementSource.checkCondition(WebElementSource.java:105)\n\t... 81 more\n","steps":[],"attachments":[{"uid":"36a36e5efe21f150","name":"Screenshot","source":"36a36e5efe21f150.png","type":"image/png","size":65479}],"parameters":[],"attachmentsCount":1,"shouldDisplayMessage":true,"hasContent":true,"stepsCount":0}],"attachments":[],"parameters":[],"attachmentsCount":1,"shouldDisplayMessage":false,"hasContent":true,"stepsCount":1}],"attachments":[],"parameters":[],"attachmentsCount":1,"shouldDisplayMessage":false,"hasContent":true,"stepsCount":50},"afterStages":[{"name":"afterMethod","time":{"start":1667312393103,"stop":1667312393558,"duration":455},"status":"passed","steps":[{"name":"browserClear","time":{"start":1667312393227,"stop":1667312393558,"duration":331},"status":"passed","steps":[{"name":"$(\"clearCookies\") ","time":{"start":1667312393235,"stop":1667312393242,"duration":7},"status":"passed","steps":[],"attachments":[],"parameters":[],"attachmentsCount":0,"shouldDisplayMessage":false,"hasContent":false,"stepsCount":0},{"name":"$(\"refresh\") ","time":{"start":1667312393242,"stop":1667312393558,"duration":316},"status":"passed","steps":[],"attachments":[],"parameters":[],"attachmentsCount":0,"shouldDisplayMessage":false,"hasContent":false,"stepsCount":0}],"attachments":[],"parameters":[],"attachmentsCount":0,"shouldDisplayMessage":false,"hasContent":true,"stepsCount":2}],"attachments":[{"uid":"343f70530e2da977","name":"Screenshot","source":"343f70530e2da977.png","type":"image/png","size":65479}],"parameters":[],"attachmentsCount":1,"shouldDisplayMessage":false,"hasContent":true,"stepsCount":3},{"name":"afterAll","time":{"start":1667312393606,"stop":1667312393751,"duration":145},"status":"passed","steps":[],"attachments":[],"parameters":[],"attachmentsCount":0,"shouldDisplayMessage":false,"hasContent":false,"stepsCount":0},{"name":"tearDown","time":{"start":1667312393752,"stop":1667312394138,"duration":386},"status":"passed","steps":[],"attachments":[],"parameters":[],"attachmentsCount":0,"shouldDisplayMessage":false,"hasContent":false,"stepsCount":0}],"labels":[{"name":"junit.platform.uniqueid","value":"[engine:junit-jupiter]/[class:com.provectus.kafka.ui.tests.TopicTests]/[method:clearMessage()]"},{"name":"host","value":"fv-az296-709"},{"name":"thread","value":"5885@fv-az296-709.main(1)"},{"name":"framework","value":"junit-platform"},{"name":"language","value":"java"},{"name":"package","value":"com.provectus.kafka.ui.tests.TopicTests"},{"name":"testClass","value":"com.provectus.kafka.ui.tests.TopicTests"},{"name":"testMethod","value":"clearMessage"},{"name":"suite","value":"com.provectus.kafka.ui.tests.TopicTests"},{"name":"resultFormat","value":"allure2"}],"parameters":[],"links":[{"name":"Uncomment last assertion after bug https://github.com/provectus/kafka-ui/issues/2778 fix","url":"https://github.com/provectus/kafka-ui/issues/Uncomment last assertion after bug https://github.com/provectus/kafka-ui/issues/2778 fix","type":"issue"}],"hidden":false,"retry":false,"extra":{"severity":"normal","retries":[],"categories":[{"name":"Product defects","matchedStatuses":[],"flaky":false}],"tags":[]},"source":"42f7f0af614515c0.json","parameterValues":[]}